[debug] [2023-12-18T03:33:01.256Z] ----------------------------------------------------------------------
[debug] [2023-12-18T03:33:01.257Z] Command:       /usr/local/bin/firebase /Users/ramadwiyantara/.cache/firebase/tools/lib/node_modules/firebase-tools/lib/bin/firebase deploy
[debug] [2023-12-18T03:33:01.258Z] CLI Version:   13.0.2
[debug] [2023-12-18T03:33:01.259Z] Platform:      darwin
[debug] [2023-12-18T03:33:01.259Z] Node Version:  v18.5.0
[debug] [2023-12-18T03:33:01.265Z] Time:          Mon Dec 18 2023 10:33:01 GMT+0700 (Western Indonesia Time)
[debug] [2023-12-18T03:33:01.265Z] ----------------------------------------------------------------------
[debug] 
[debug] [2023-12-18T03:33:01.373Z] > command requires scopes: ["email","openid","https://www.googleapis.com/auth/cloudplatformprojects.readonly","https://www.googleapis.com/auth/firebase","https://www.googleapis.com/auth/cloud-platform"]
[debug] [2023-12-18T03:33:01.376Z] > authorizing via signed-in user (ramadwiyantara1@gmail.com)
[debug] [2023-12-18T03:33:01.377Z] [iam] checking project rama-dwiyantara for permissions ["firebase.projects.get","firebasehosting.sites.update"]
[debug] [2023-12-18T03:33:01.378Z] >>> [apiv2][query] POST https://cloudresourcemanager.googleapis.com/v1/projects/rama-dwiyantara:testIamPermissions [none]
[debug] [2023-12-18T03:33:01.379Z] >>> [apiv2][(partial)header] POST https://cloudresourcemanager.googleapis.com/v1/projects/rama-dwiyantara:testIamPermissions x-goog-quota-user=projects/rama-dwiyantara
[debug] [2023-12-18T03:33:01.380Z] >>> [apiv2][body] POST https://cloudresourcemanager.googleapis.com/v1/projects/rama-dwiyantara:testIamPermissions {"permissions":["firebase.projects.get","firebasehosting.sites.update"]}
[debug] [2023-12-18T03:33:02.587Z] <<< [apiv2][status] POST https://cloudresourcemanager.googleapis.com/v1/projects/rama-dwiyantara:testIamPermissions 200
[debug] [2023-12-18T03:33:02.589Z] <<< [apiv2][body] POST https://cloudresourcemanager.googleapis.com/v1/projects/rama-dwiyantara:testIamPermissions {"permissions":["firebase.projects.get","firebasehosting.sites.update"]}
[debug] [2023-12-18T03:33:02.591Z] >>> [apiv2][query] GET https://firebase.googleapis.com/v1beta1/projects/rama-dwiyantara [none]
[debug] [2023-12-18T03:33:02.991Z] <<< [apiv2][status] GET https://firebase.googleapis.com/v1beta1/projects/rama-dwiyantara 200
[debug] [2023-12-18T03:33:02.993Z] <<< [apiv2][body] GET https://firebase.googleapis.com/v1beta1/projects/rama-dwiyantara {"projectId":"rama-dwiyantara","projectNumber":"320252845703","displayName":"Rama Dwiyantara","name":"projects/rama-dwiyantara","resources":{"hostingSite":"rama-dwiyantara"},"state":"ACTIVE","etag":"1_1877003d-d11f-4b03-b1eb-9bf17439eab5"}
[info] 
   Thank you for trying our early preview of Next.js support on Firebase Hosting.
   During the preview, support is best-effort and breaking changes can be expected. Proceed with caution.

   Documentation: https://firebase.google.com/docs/hosting/frameworks/nextjs
   File a bug: https://github.com/firebase/firebase-tools/issues/new?template=bug_report.md
   Submit a feature request: https://github.com/firebase/firebase-tools/issues/new?template=feature_request.md

   We'd love to learn from you. Express your interest in helping us shape the future of Firebase Hosting: https://goo.gle/41enW5X

[debug] [2023-12-18T03:33:11.599Z] >>> [apiv2][query] GET https://firebasehosting.googleapis.com/v1beta1/projects/rama-dwiyantara/sites/rama-dwiyantara [none]
[debug] [2023-12-18T03:33:12.422Z] <<< [apiv2][status] GET https://firebasehosting.googleapis.com/v1beta1/projects/rama-dwiyantara/sites/rama-dwiyantara 200
[debug] [2023-12-18T03:33:12.424Z] <<< [apiv2][body] GET https://firebasehosting.googleapis.com/v1beta1/projects/rama-dwiyantara/sites/rama-dwiyantara {"name":"projects/rama-dwiyantara/sites/rama-dwiyantara","defaultUrl":"https://rama-dwiyantara.web.app","type":"DEFAULT_SITE"}
[info]    ▲ Next.js 14.0.3

[info] 
   Creating an optimized production build ...

[info] (node:4850) ExperimentalWarning: The Fetch API is an experimental feature. This feature could change at any time
(Use `firebase --trace-warnings ...` to show where the warning was created)

[info]    Downloading swc package @next/swc-darwin-x64...

[info] warning ../../../package.json: No license field

[info]  ✓ Compiled successfully

[info]    Linting and checking validity of types ...

[info] Failed to compile.


[info] ./src/app/section/home/home.tsx:90:48
Type error: Property 'className' does not exist on type '{ src: string; width: number; height: number; alt: string; }'.

  88 |                     width={portfolio.image.width}
  89 |                     height={portfolio.image.height}
> 90 |                     className={portfolio.image.className}
     |                                                ^
  91 |                     alt={portfolio.image.alt}
  92 |                   />
  93 |                 </div>

[debug] [2023-12-18T03:33:50.027Z] Error: ENOENT: no such file or directory, open '/Users/ramadwiyantara/Development/Pribadi/my-portfolio/.next/export-marker.json'
[error] 
[error] Error: An unexpected error has occurred.
